<?xml version="1.0" encoding="utf-8"?>
<coverage line-rate="0.8881999999999999" branch-rate="0.9577" version="1.9" timestamp="1772777362" lines-covered="326" lines-valid="367" branches-covered="68" branches-valid="71">
  <sources>
    <source>V:\thinkbridge\weekly-planner-\</source>
  </sources>
  <packages>
    <package name="WeeklyPlanner.API" line-rate="0.6962" branch-rate="0.92" complexity="55">
      <classes>
        <class name="Program" filename="WeeklyPlanner.API\Program.cs" line-rate="0" branch-rate="1" complexity="1">
          <methods>
            <method name="&lt;Main&gt;$" signature="(System.String[])" line-rate="0" branch-rate="1" complexity="1">
              <lines>
                <line number="7" hits="0" branch="False" />
                <line number="10" hits="0" branch="False" />
                <line number="11" hits="0" branch="False" />
                <line number="12" hits="0" branch="False" />
                <line number="15" hits="0" branch="False" />
                <line number="16" hits="0" branch="False" />
                <line number="17" hits="0" branch="False" />
                <line number="20" hits="0" branch="False" />
                <line number="21" hits="0" branch="False" />
                <line number="22" hits="0" branch="False" />
                <line number="23" hits="0" branch="False" />
                <line number="24" hits="0" branch="False" />
                <line number="25" hits="0" branch="False" />
                <line number="26" hits="0" branch="False" />
                <line number="27" hits="0" branch="False" />
                <line number="28" hits="0" branch="False" />
                <line number="31" hits="0" branch="False" />
                <line number="32" hits="0" branch="False" />
                <line number="33" hits="0" branch="False" />
                <line number="34" hits="0" branch="False" />
                <line number="35" hits="0" branch="False" />
                <line number="36" hits="0" branch="False" />
                <line number="38" hits="0" branch="False" />
                <line number="41" hits="0" branch="False" />
                <line number="42" hits="0" branch="False" />
                <line number="43" hits="0" branch="False" />
                <line number="44" hits="0" branch="False" />
                <line number="45" hits="0" branch="False" />
                <line number="48" hits="0" branch="False" />
                <line number="49" hits="0" branch="False" />
                <line number="50" hits="0" branch="False" />
                <line number="51" hits="0" branch="False" />
                <line number="52" hits="0" branch="False" />
                <line number="53" hits="0" branch="False" />
              </lines>
            </method>
          </methods>
          <lines>
            <line number="7" hits="0" branch="False" />
            <line number="10" hits="0" branch="False" />
            <line number="11" hits="0" branch="False" />
            <line number="12" hits="0" branch="False" />
            <line number="15" hits="0" branch="False" />
            <line number="16" hits="0" branch="False" />
            <line number="17" hits="0" branch="False" />
            <line number="20" hits="0" branch="False" />
            <line number="21" hits="0" branch="False" />
            <line number="22" hits="0" branch="False" />
            <line number="23" hits="0" branch="False" />
            <line number="24" hits="0" branch="False" />
            <line number="25" hits="0" branch="False" />
            <line number="26" hits="0" branch="False" />
            <line number="27" hits="0" branch="False" />
            <line number="28" hits="0" branch="False" />
            <line number="31" hits="0" branch="False" />
            <line number="32" hits="0" branch="False" />
            <line number="33" hits="0" branch="False" />
            <line number="34" hits="0" branch="False" />
            <line number="35" hits="0" branch="False" />
            <line number="36" hits="0" branch="False" />
            <line number="38" hits="0" branch="False" />
            <line number="41" hits="0" branch="False" />
            <line number="42" hits="0" branch="False" />
            <line number="43" hits="0" branch="False" />
            <line number="44" hits="0" branch="False" />
            <line number="45" hits="0" branch="False" />
            <line number="48" hits="0" branch="False" />
            <line number="49" hits="0" branch="False" />
            <line number="50" hits="0" branch="False" />
            <line number="51" hits="0" branch="False" />
            <line number="52" hits="0" branch="False" />
            <line number="53" hits="0" branch="False" />
          </lines>
        </class>
        <class name="WeeklyPlanner.API.Middleware.ExceptionMiddleware" filename="WeeklyPlanner.API\Middleware\ExceptionMiddleware.cs" line-rate="1" branch-rate="1" complexity="1">
          <methods>
            <method name=".ctor" signature="(Microsoft.AspNetCore.Http.RequestDelegate,Microsoft.Extensions.Logging.ILogger`1&lt;WeeklyPlanner.API.Middleware.ExceptionMiddleware&gt;)" line-rate="1" branch-rate="1" complexity="1">
              <lines>
                <line number="15" hits="7" branch="False" />
                <line number="16" hits="28" branch="False" />
              </lines>
            </method>
          </methods>
          <lines>
            <line number="15" hits="7" branch="False" />
            <line number="16" hits="28" branch="False" />
          </lines>
        </class>
        <class name="WeeklyPlanner.API.Middleware.ExceptionMiddleware/&lt;InvokeAsync&gt;d__3" filename="WeeklyPlanner.API\Middleware\ExceptionMiddleware.cs" line-rate="1" branch-rate="1" complexity="5">
          <methods>
            <method name="MoveNext" signature="()" line-rate="1" branch-rate="1" complexity="5">
              <lines>
                <line number="19" hits="7" branch="False" />
                <line number="20" hits="15" branch="False" />
                <line number="21" hits="2" branch="False" />
                <line number="22" hits="8" branch="False" />
                <line number="23" hits="1" branch="False" />
                <line number="24" hits="4" branch="False" />
                <line number="25" hits="1" branch="False" />
                <line number="26" hits="4" branch="False" />
                <line number="27" hits="2" branch="True" condition-coverage="100% (5/5)">
                  <conditions>
                    <condition number="275" type="switch" coverage="100%" />
                  </conditions>
                </line>
                <line number="28" hits="8" branch="False" />
                <line number="29" hits="7" branch="False" />
              </lines>
            </method>
          </methods>
          <lines>
            <line number="19" hits="7" branch="False" />
            <line number="20" hits="15" branch="False" />
            <line number="21" hits="2" branch="False" />
            <line number="22" hits="8" branch="False" />
            <line number="23" hits="1" branch="False" />
            <line number="24" hits="4" branch="False" />
            <line number="25" hits="1" branch="False" />
            <line number="26" hits="4" branch="False" />
            <line number="27" hits="2" branch="True" condition-coverage="100% (5/5)">
              <conditions>
                <condition number="275" type="switch" coverage="100%" />
              </conditions>
            </line>
            <line number="28" hits="8" branch="False" />
            <line number="29" hits="7" branch="False" />
          </lines>
        </class>
        <class name="WeeklyPlanner.API.Middleware.ExceptionMiddleware/&lt;Write&gt;d__4" filename="WeeklyPlanner.API\Middleware\ExceptionMiddleware.cs" line-rate="1" branch-rate="1" complexity="1">
          <methods>
            <method name="MoveNext" signature="()" line-rate="1" branch-rate="1" complexity="1">
              <lines>
                <line number="32" hits="6" branch="False" />
                <line number="33" hits="6" branch="False" />
                <line number="34" hits="6" branch="False" />
                <line number="35" hits="6" branch="False" />
                <line number="36" hits="6" branch="False" />
                <line number="37" hits="6" branch="False" />
              </lines>
            </method>
          </methods>
          <lines>
            <line number="32" hits="6" branch="False" />
            <line number="33" hits="6" branch="False" />
            <line number="34" hits="6" branch="False" />
            <line number="35" hits="6" branch="False" />
            <line number="36" hits="6" branch="False" />
            <line number="37" hits="6" branch="False" />
          </lines>
        </class>
        <class name="WeeklyPlanner.API.Helpers.RequestContext" filename="WeeklyPlanner.API\Helpers\RequestContext.cs" line-rate="1" branch-rate="1" complexity="6">
          <methods>
            <method name="IsLead" signature="(Microsoft.AspNetCore.Http.HttpRequest)" line-rate="1" branch-rate="1" complexity="2">
              <lines>
                <line number="10" hits="14" branch="True" condition-coverage="100% (2/2)">
                  <conditions>
                    <condition number="18" type="jump" coverage="100%" />
                  </conditions>
                </line>
                <line number="11" hits="14" branch="False" />
              </lines>
            </method>
            <method name="GetMemberId" signature="(Microsoft.AspNetCore.Http.HttpRequest)" line-rate="1" branch-rate="1" complexity="4">
              <lines>
                <line number="14" hits="5" branch="True" condition-coverage="100% (4/4)">
                  <conditions>
                    <condition number="18" type="jump" coverage="100%" />
                    <condition number="33" type="jump" coverage="100%" />
                  </conditions>
                </line>
                <line number="15" hits="5" branch="False" />
              </lines>
            </method>
          </methods>
          <lines>
            <line number="10" hits="14" branch="True" condition-coverage="100% (2/2)">
              <conditions>
                <condition number="18" type="jump" coverage="100%" />
              </conditions>
            </line>
            <line number="11" hits="14" branch="False" />
            <line number="14" hits="5" branch="True" condition-coverage="100% (4/4)">
              <conditions>
                <condition number="18" type="jump" coverage="100%" />
                <condition number="33" type="jump" coverage="100%" />
              </conditions>
            </line>
            <line number="15" hits="5" branch="False" />
          </lines>
        </class>
        <class name="WeeklyPlanner.API.DTOs.PercentageDto" filename="WeeklyPlanner.API\DTOs\PercentageDto.cs" line-rate="1" branch-rate="1" complexity="3">
          <methods>
            <method name="get_Cat1" signature="()" line-rate="1" branch-rate="1" complexity="1">
              <lines>
                <line number="6" hits="4" branch="False" />
              </lines>
            </method>
            <method name="get_Cat2" signature="()" line-rate="1" branch-rate="1" complexity="1">
              <lines>
                <line number="7" hits="4" branch="False" />
              </lines>
            </method>
            <method name="get_Cat3" signature="()" line-rate="1" branch-rate="1" complexity="1">
              <lines>
                <line number="8" hits="4" branch="False" />
              </lines>
            </method>
          </methods>
          <lines>
            <line number="6" hits="4" branch="False" />
            <line number="7" hits="4" branch="False" />
            <line number="8" hits="4" branch="False" />
          </lines>
        </class>
        <class name="WeeklyPlanner.API.DTOs.ProgressDto" filename="WeeklyPlanner.API\DTOs\ProgressDto.cs" line-rate="1" branch-rate="1" complexity="2">
          <methods>
            <method name="get_ProgressPercent" signature="()" line-rate="1" branch-rate="1" complexity="1">
              <lines>
                <line number="6" hits="2" branch="False" />
              </lines>
            </method>
            <method name="get_ActualHours" signature="()" line-rate="1" branch-rate="1" complexity="1">
              <lines>
                <line number="7" hits="2" branch="False" />
              </lines>
            </method>
          </methods>
          <lines>
            <line number="6" hits="2" branch="False" />
            <line number="7" hits="2" branch="False" />
          </lines>
        </class>
        <class name="WeeklyPlanner.API.DTOs.SubmitPlanDto" filename="WeeklyPlanner.API\DTOs\SubmitPlanDto.cs" line-rate="1" branch-rate="1" complexity="3">
          <methods>
            <method name="get_MemberId" signature="()" line-rate="1" branch-rate="1" complexity="1">
              <lines>
                <line number="6" hits="4" branch="False" />
              </lines>
            </method>
            <method name="get_WeekCycleId" signature="()" line-rate="1" branch-rate="1" complexity="1">
              <lines>
                <line number="7" hits="4" branch="False" />
              </lines>
            </method>
            <method name="get_Entries" signature="()" line-rate="1" branch-rate="1" complexity="1">
              <lines>
                <line number="8" hits="6" branch="False" />
              </lines>
            </method>
          </methods>
          <lines>
            <line number="6" hits="4" branch="False" />
            <line number="7" hits="4" branch="False" />
            <line number="8" hits="6" branch="False" />
          </lines>
        </class>
        <class name="WeeklyPlanner.API.DTOs.PlanEntryDto" filename="WeeklyPlanner.API\DTOs\SubmitPlanDto.cs" line-rate="1" branch-rate="1" complexity="2">
          <methods>
            <method name="get_BacklogItemId" signature="()" line-rate="1" branch-rate="1" complexity="1">
              <lines>
                <line number="14" hits="6" branch="False" />
              </lines>
            </method>
            <method name="get_PlannedHours" signature="()" line-rate="1" branch-rate="1" complexity="1">
              <lines>
                <line number="15" hits="6" branch="False" />
              </lines>
            </method>
          </methods>
          <lines>
            <line number="14" hits="6" branch="False" />
            <line number="15" hits="6" branch="False" />
          </lines>
        </class>
        <class name="WeeklyPlanner.API.Controllers.BacklogController" filename="WeeklyPlanner.API\Controllers\BacklogController.cs" line-rate="1" branch-rate="1" complexity="1">
          <methods>
            <method name=".ctor" signature="(WeeklyPlanner.Core.Interfaces.IBacklogService)" line-rate="1" branch-rate="1" complexity="1">
              <lines>
                <line number="12" hits="14" branch="False" />
              </lines>
            </method>
          </methods>
          <lines>
            <line number="12" hits="14" branch="False" />
          </lines>
        </class>
        <class name="WeeklyPlanner.API.Controllers.BacklogController/&lt;Create&gt;d__4" filename="WeeklyPlanner.API\Controllers\BacklogController.cs" line-rate="1" branch-rate="1" complexity="1">
          <methods>
            <method name="MoveNext" signature="()" line-rate="1" branch-rate="1" complexity="1">
              <lines>
                <line number="26" hits="1" branch="False" />
              </lines>
            </method>
          </methods>
          <lines>
            <line number="26" hits="1" branch="False" />
          </lines>
        </class>
        <class name="WeeklyPlanner.API.Controllers.BacklogController/&lt;Delete&gt;d__6" filename="WeeklyPlanner.API\Controllers\BacklogController.cs" line-rate="1" branch-rate="1" complexity="1">
          <methods>
            <method name="MoveNext" signature="()" line-rate="1" branch-rate="1" complexity="1">
              <lines>
                <line number="34" hits="4" branch="False" />
              </lines>
            </method>
          </methods>
          <lines>
            <line number="34" hits="4" branch="False" />
          </lines>
        </class>
        <class name="WeeklyPlanner.API.Controllers.BacklogController/&lt;GetAll&gt;d__2" filename="WeeklyPlanner.API\Controllers\BacklogController.cs" line-rate="1" branch-rate="1" complexity="1">
          <methods>
            <method name="MoveNext" signature="()" line-rate="1" branch-rate="1" complexity="1">
              <lines>
                <line number="15" hits="1" branch="False" />
              </lines>
            </method>
          </methods>
          <lines>
            <line number="15" hits="1" branch="False" />
          </lines>
        </class>
        <class name="WeeklyPlanner.API.Controllers.BacklogController/&lt;GetById&gt;d__3" filename="WeeklyPlanner.API\Controllers\BacklogController.cs" line-rate="1" branch-rate="1" complexity="2">
          <methods>
            <method name="MoveNext" signature="()" line-rate="1" branch-rate="1" complexity="2">
              <lines>
                <line number="19" hits="2" branch="False" />
                <line number="20" hits="2" branch="False" />
                <line number="21" hits="2" branch="True" condition-coverage="100% (2/2)">
                  <conditions>
                    <condition number="157" type="jump" coverage="100%" />
                  </conditions>
                </line>
                <line number="22" hits="2" branch="False" />
              </lines>
            </method>
          </methods>
          <lines>
            <line number="19" hits="2" branch="False" />
            <line number="20" hits="2" branch="False" />
            <line number="21" hits="2" branch="True" condition-coverage="100% (2/2)">
              <conditions>
                <condition number="157" type="jump" coverage="100%" />
              </conditions>
            </line>
            <line number="22" hits="2" branch="False" />
          </lines>
        </class>
        <class name="WeeklyPlanner.API.Controllers.BacklogController/&lt;Update&gt;d__5" filename="WeeklyPlanner.API\Controllers\BacklogController.cs" line-rate="1" branch-rate="1" complexity="1">
          <methods>
            <method name="MoveNext" signature="()" line-rate="1" branch-rate="1" complexity="1">
              <lines>
                <line number="30" hits="8" branch="False" />
              </lines>
            </method>
          </methods>
          <lines>
            <line number="30" hits="8" branch="False" />
          </lines>
        </class>
        <class name="WeeklyPlanner.API.Controllers.MembersController" filename="WeeklyPlanner.API\Controllers\MembersController.cs" line-rate="1" branch-rate="1" complexity="1">
          <methods>
            <method name=".ctor" signature="(WeeklyPlanner.Infrastructure.Data.AppDbContext)" line-rate="1" branch-rate="1" complexity="1">
              <lines>
                <line number="13" hits="8" branch="False" />
              </lines>
            </method>
          </methods>
          <lines>
            <line number="13" hits="8" branch="False" />
          </lines>
        </class>
        <class name="WeeklyPlanner.API.Controllers.MembersController/&lt;Create&gt;d__3" filename="WeeklyPlanner.API\Controllers\MembersController.cs" line-rate="1" branch-rate="1" complexity="1">
          <methods>
            <method name="MoveNext" signature="()" line-rate="1" branch-rate="1" complexity="1">
              <lines>
                <line number="20" hits="10" branch="False" />
              </lines>
            </method>
          </methods>
          <lines>
            <line number="20" hits="10" branch="False" />
          </lines>
        </class>
        <class name="WeeklyPlanner.API.Controllers.MembersController/&lt;GetAll&gt;d__2" filename="WeeklyPlanner.API\Controllers\MembersController.cs" line-rate="1" branch-rate="1" complexity="1">
          <methods>
            <method name="MoveNext" signature="()" line-rate="1" branch-rate="1" complexity="1">
              <lines>
                <line number="16" hits="2" branch="False" />
              </lines>
            </method>
          </methods>
          <lines>
            <line number="16" hits="2" branch="False" />
          </lines>
        </class>
        <class name="WeeklyPlanner.API.Controllers.PlanController" filename="WeeklyPlanner.API\Controllers\PlanController.cs" line-rate="1" branch-rate="1" complexity="1">
          <methods>
            <method name=".ctor" signature="(WeeklyPlanner.Core.Interfaces.IPlanService,WeeklyPlanner.Infrastructure.Data.AppDbContext)" line-rate="1" branch-rate="1" complexity="1">
              <lines>
                <line number="15" hits="14" branch="False" />
                <line number="16" hits="14" branch="False" />
                <line number="17" hits="14" branch="False" />
                <line number="18" hits="14" branch="False" />
                <line number="19" hits="14" branch="False" />
              </lines>
            </method>
          </methods>
          <lines>
            <line number="15" hits="14" branch="False" />
            <line number="16" hits="14" branch="False" />
            <line number="17" hits="14" branch="False" />
            <line number="18" hits="14" branch="False" />
            <line number="19" hits="14" branch="False" />
          </lines>
        </class>
        <class name="WeeklyPlanner.API.Controllers.PlanController/&lt;&gt;c" filename="WeeklyPlanner.API\Controllers\PlanController.cs" line-rate="0.6315" branch-rate="0" complexity="3">
          <methods>
            <method name="&lt;Submit&gt;b__5_0" signature="(WeeklyPlanner.API.DTOs.PlanEntryDto)" line-rate="1" branch-rate="1" complexity="1">
              <lines>
                <line number="40" hits="5" branch="False" />
                <line number="41" hits="5" branch="False" />
                <line number="42" hits="5" branch="False" />
                <line number="43" hits="5" branch="False" />
                <line number="44" hits="5" branch="False" />
                <line number="45" hits="5" branch="False" />
              </lines>
            </method>
            <method name="&lt;GetDashboard&gt;b__8_0" signature="(WeeklyPlanner.Core.Models.WeeklyPlan)" line-rate="0.46149999999999997" branch-rate="0" complexity="2">
              <lines>
                <line number="64" hits="2" branch="True" condition-coverage="0% (0/2)">
                  <conditions>
                    <condition number="123" type="jump" coverage="0%" />
                  </conditions>
                </line>
                <line number="65" hits="2" branch="False" />
                <line number="66" hits="2" branch="False" />
                <line number="67" hits="2" branch="False" />
                <line number="68" hits="0" branch="False" />
                <line number="69" hits="0" branch="False" />
                <line number="70" hits="2" branch="False" />
                <line number="71" hits="0" branch="False" />
                <line number="72" hits="0" branch="False" />
                <line number="73" hits="0" branch="False" />
                <line number="74" hits="0" branch="False" />
                <line number="75" hits="0" branch="False" />
                <line number="76" hits="2" branch="False" />
              </lines>
            </method>
          </methods>
          <lines>
            <line number="40" hits="5" branch="False" />
            <line number="41" hits="5" branch="False" />
            <line number="42" hits="5" branch="False" />
            <line number="43" hits="5" branch="False" />
            <line number="44" hits="5" branch="False" />
            <line number="45" hits="5" branch="False" />
            <line number="64" hits="2" branch="True" condition-coverage="0% (0/2)">
              <conditions>
                <condition number="123" type="jump" coverage="0%" />
              </conditions>
            </line>
            <line number="65" hits="2" branch="False" />
            <line number="66" hits="2" branch="False" />
            <line number="67" hits="2" branch="False" />
            <line number="68" hits="0" branch="False" />
            <line number="69" hits="0" branch="False" />
            <line number="70" hits="2" branch="False" />
            <line number="71" hits="0" branch="False" />
            <line number="72" hits="0" branch="False" />
            <line number="73" hits="0" branch="False" />
            <line number="74" hits="0" branch="False" />
            <line number="75" hits="0" branch="False" />
            <line number="76" hits="2" branch="False" />
          </lines>
        </class>
        <class name="WeeklyPlanner.API.Controllers.PlanController/&lt;DeletePlan&gt;d__9" filename="WeeklyPlanner.API\Controllers\PlanController.cs" line-rate="1" branch-rate="1" complexity="2">
          <methods>
            <method name="MoveNext" signature="()" line-rate="1" branch-rate="1" complexity="2">
              <lines>
                <line number="83" hits="2" branch="False" />
                <line number="84" hits="2" branch="False" />
                <line number="85" hits="2" branch="True" condition-coverage="100% (2/2)">
                  <conditions>
                    <condition number="156" type="jump" coverage="100%" />
                  </conditions>
                </line>
                <line number="86" hits="2" branch="False" />
              </lines>
            </method>
          </methods>
          <lines>
            <line number="83" hits="2" branch="False" />
            <line number="84" hits="2" branch="False" />
            <line number="85" hits="2" branch="True" condition-coverage="100% (2/2)">
              <conditions>
                <condition number="156" type="jump" coverage="100%" />
              </conditions>
            </line>
            <line number="86" hits="2" branch="False" />
          </lines>
        </class>
        <class name="WeeklyPlanner.API.Controllers.PlanController/&lt;GetAllForWeek&gt;d__7" filename="WeeklyPlanner.API\Controllers\PlanController.cs" line-rate="1" branch-rate="1" complexity="1">
          <methods>
            <method name="MoveNext" signature="()" line-rate="1" branch-rate="1" complexity="1">
              <lines>
                <line number="56" hits="1" branch="False" />
              </lines>
            </method>
          </methods>
          <lines>
            <line number="56" hits="1" branch="False" />
          </lines>
        </class>
        <class name="WeeklyPlanner.API.Controllers.PlanController/&lt;GetDashboard&gt;d__8" filename="WeeklyPlanner.API\Controllers\PlanController.cs" line-rate="1" branch-rate="1" complexity="2">
          <methods>
            <method name="MoveNext" signature="()" line-rate="1" branch-rate="1" complexity="2">
              <lines>
                <line number="61" hits="4" branch="False" />
                <line number="62" hits="6" branch="True" condition-coverage="100% (2/2)">
                  <conditions>
                    <condition number="36" type="jump" coverage="100%" />
                  </conditions>
                </line>
                <line number="63" hits="2" branch="False" />
                <line number="77" hits="2" branch="False" />
                <line number="78" hits="4" branch="False" />
              </lines>
            </method>
          </methods>
          <lines>
            <line number="61" hits="4" branch="False" />
            <line number="62" hits="6" branch="True" condition-coverage="100% (2/2)">
              <conditions>
                <condition number="36" type="jump" coverage="100%" />
              </conditions>
            </line>
            <line number="63" hits="2" branch="False" />
            <line number="77" hits="2" branch="False" />
            <line number="78" hits="4" branch="False" />
          </lines>
        </class>
        <class name="WeeklyPlanner.API.Controllers.PlanController/&lt;GetPlan&gt;d__4" filename="WeeklyPlanner.API\Controllers\PlanController.cs" line-rate="1" branch-rate="1" complexity="2">
          <methods>
            <method name="MoveNext" signature="()" line-rate="1" branch-rate="1" complexity="2">
              <lines>
                <line number="35" hits="8" branch="True" condition-coverage="100% (2/2)">
                  <conditions>
                    <condition number="163" type="jump" coverage="100%" />
                  </conditions>
                </line>
              </lines>
            </method>
          </methods>
          <lines>
            <line number="35" hits="8" branch="True" condition-coverage="100% (2/2)">
              <conditions>
                <condition number="163" type="jump" coverage="100%" />
              </conditions>
            </line>
          </lines>
        </class>
        <class name="WeeklyPlanner.API.Controllers.PlanController/&lt;ResetAllPlans&gt;d__3" filename="WeeklyPlanner.API\Controllers\PlanController.cs" line-rate="1" branch-rate="1" complexity="1">
          <methods>
            <method name="MoveNext" signature="()" line-rate="1" branch-rate="1" complexity="1">
              <lines>
                <line number="24" hits="2" branch="False" />
                <line number="25" hits="2" branch="False" />
                <line number="26" hits="2" branch="False" />
                <line number="27" hits="2" branch="False" />
                <line number="28" hits="2" branch="False" />
                <line number="29" hits="2" branch="False" />
                <line number="30" hits="2" branch="False" />
                <line number="31" hits="2" branch="False" />
              </lines>
            </method>
          </methods>
          <lines>
            <line number="24" hits="2" branch="False" />
            <line number="25" hits="2" branch="False" />
            <line number="26" hits="2" branch="False" />
            <line number="27" hits="2" branch="False" />
            <line number="28" hits="2" branch="False" />
            <line number="29" hits="2" branch="False" />
            <line number="30" hits="2" branch="False" />
            <line number="31" hits="2" branch="False" />
          </lines>
        </class>
        <class name="WeeklyPlanner.API.Controllers.PlanController/&lt;Submit&gt;d__5" filename="WeeklyPlanner.API\Controllers\PlanController.cs" line-rate="1" branch-rate="1" complexity="1">
          <methods>
            <method name="MoveNext" signature="()" line-rate="1" branch-rate="1" complexity="1">
              <lines>
                <line number="39" hits="2" branch="False" />
                <line number="47" hits="2" branch="False" />
                <line number="48" hits="2" branch="False" />
              </lines>
            </method>
          </methods>
          <lines>
            <line number="39" hits="2" branch="False" />
            <line number="47" hits="2" branch="False" />
            <line number="48" hits="2" branch="False" />
          </lines>
        </class>
        <class name="WeeklyPlanner.API.Controllers.PlanController/&lt;UpdateProgress&gt;d__6" filename="WeeklyPlanner.API\Controllers\PlanController.cs" line-rate="1" branch-rate="1" complexity="1">
          <methods>
            <method name="MoveNext" signature="()" line-rate="1" branch-rate="1" complexity="1">
              <lines>
                <line number="52" hits="4" branch="False" />
              </lines>
            </method>
          </methods>
          <lines>
            <line number="52" hits="4" branch="False" />
          </lines>
        </class>
        <class name="WeeklyPlanner.API.Controllers.WeekCycleController" filename="WeeklyPlanner.API\Controllers\WeekCycleController.cs" line-rate="1" branch-rate="1" complexity="1">
          <methods>
            <method name=".ctor" signature="(WeeklyPlanner.Core.Interfaces.IWeekCycleService)" line-rate="1" branch-rate="1" complexity="1">
              <lines>
                <line number="14" hits="14" branch="False" />
              </lines>
            </method>
          </methods>
          <lines>
            <line number="14" hits="14" branch="False" />
          </lines>
        </class>
        <class name="WeeklyPlanner.API.Controllers.WeekCycleController/&lt;Create&gt;d__4" filename="WeeklyPlanner.API\Controllers\WeekCycleController.cs" line-rate="1" branch-rate="1" complexity="1">
          <methods>
            <method name="MoveNext" signature="()" line-rate="1" branch-rate="1" complexity="1">
              <lines>
                <line number="24" hits="1" branch="False" />
              </lines>
            </method>
          </methods>
          <lines>
            <line number="24" hits="1" branch="False" />
          </lines>
        </class>
        <class name="WeeklyPlanner.API.Controllers.WeekCycleController/&lt;GetAll&gt;d__3" filename="WeeklyPlanner.API\Controllers\WeekCycleController.cs" line-rate="1" branch-rate="1" complexity="1">
          <methods>
            <method name="MoveNext" signature="()" line-rate="1" branch-rate="1" complexity="1">
              <lines>
                <line number="21" hits="1" branch="False" />
              </lines>
            </method>
          </methods>
          <lines>
            <line number="21" hits="1" branch="False" />
          </lines>
        </class>
        <class name="WeeklyPlanner.API.Controllers.WeekCycleController/&lt;GetCurrent&gt;d__2" filename="WeeklyPlanner.API\Controllers\WeekCycleController.cs" line-rate="1" branch-rate="1" complexity="2">
          <methods>
            <method name="MoveNext" signature="()" line-rate="1" branch-rate="1" complexity="2">
              <lines>
                <line number="18" hits="8" branch="True" condition-coverage="100% (2/2)">
                  <conditions>
                    <condition number="151" type="jump" coverage="100%" />
                  </conditions>
                </line>
              </lines>
            </method>
          </methods>
          <lines>
            <line number="18" hits="8" branch="True" condition-coverage="100% (2/2)">
              <conditions>
                <condition number="151" type="jump" coverage="100%" />
              </conditions>
            </line>
          </lines>
        </class>
        <class name="WeeklyPlanner.API.Controllers.WeekCycleController/&lt;SetPercentages&gt;d__5" filename="WeeklyPlanner.API\Controllers\WeekCycleController.cs" line-rate="1" branch-rate="1" complexity="2">
          <methods>
            <method name="MoveNext" signature="()" line-rate="1" branch-rate="1" complexity="2">
              <lines>
                <line number="29" hits="3" branch="False" />
                <line number="30" hits="5" branch="True" condition-coverage="100% (2/2)">
                  <conditions>
                    <condition number="39" type="jump" coverage="100%" />
                  </conditions>
                </line>
                <line number="31" hits="1" branch="False" />
                <line number="32" hits="1" branch="False" />
                <line number="33" hits="3" branch="False" />
              </lines>
            </method>
          </methods>
          <lines>
            <line number="29" hits="3" branch="False" />
            <line number="30" hits="5" branch="True" condition-coverage="100% (2/2)">
              <conditions>
                <condition number="39" type="jump" coverage="100%" />
              </conditions>
            </line>
            <line number="31" hits="1" branch="False" />
            <line number="32" hits="1" branch="False" />
            <line number="33" hits="3" branch="False" />
          </lines>
        </class>
      </classes>
    </package>
    <package name="WeeklyPlanner.Core" line-rate="1" branch-rate="1" complexity="36">
      <classes>
        <class name="WeeklyPlanner.Core.Models.BacklogItem" filename="WeeklyPlanner.Core\Models\BacklogItem.cs" line-rate="1" branch-rate="1" complexity="6">
          <methods>
            <method name="get_Id" signature="()" line-rate="1" branch-rate="1" complexity="1">
              <lines>
                <line number="10" hits="48" branch="False" />
              </lines>
            </method>
            <method name="get_Title" signature="()" line-rate="1" branch-rate="1" complexity="1">
              <lines>
                <line number="11" hits="86" branch="False" />
              </lines>
            </method>
            <method name="get_Description" signature="()" line-rate="1" branch-rate="1" complexity="1">
              <lines>
                <line number="12" hits="48" branch="False" />
              </lines>
            </method>
            <method name="get_Category" signature="()" line-rate="1" branch-rate="1" complexity="1">
              <lines>
                <line number="13" hits="47" branch="False" />
              </lines>
            </method>
            <method name="get_IsActive" signature="()" line-rate="1" branch-rate="1" complexity="1">
              <lines>
                <line number="14" hits="75" branch="False" />
              </lines>
            </method>
            <method name="get_PlanEntries" signature="()" line-rate="1" branch-rate="1" complexity="1">
              <lines>
                <line number="15" hits="42" branch="False" />
              </lines>
            </method>
          </methods>
          <lines>
            <line number="10" hits="48" branch="False" />
            <line number="11" hits="86" branch="False" />
            <line number="12" hits="48" branch="False" />
            <line number="13" hits="47" branch="False" />
            <line number="14" hits="75" branch="False" />
            <line number="15" hits="42" branch="False" />
          </lines>
        </class>
        <class name="WeeklyPlanner.Core.Models.Member" filename="WeeklyPlanner.Core\Models\Member.cs" line-rate="1" branch-rate="1" complexity="4">
          <methods>
            <method name="get_Id" signature="()" line-rate="1" branch-rate="1" complexity="1">
              <lines>
                <line number="9" hits="18" branch="False" />
              </lines>
            </method>
            <method name="get_Name" signature="()" line-rate="1" branch-rate="1" complexity="1">
              <lines>
                <line number="10" hits="45" branch="False" />
              </lines>
            </method>
            <method name="get_IsLead" signature="()" line-rate="1" branch-rate="1" complexity="1">
              <lines>
                <line number="11" hits="31" branch="False" />
              </lines>
            </method>
            <method name="get_WeeklyPlans" signature="()" line-rate="1" branch-rate="1" complexity="1">
              <lines>
                <line number="12" hits="22" branch="False" />
              </lines>
            </method>
          </methods>
          <lines>
            <line number="9" hits="18" branch="False" />
            <line number="10" hits="45" branch="False" />
            <line number="11" hits="31" branch="False" />
            <line number="12" hits="22" branch="False" />
          </lines>
        </class>
        <class name="WeeklyPlanner.Core.Models.PlanEntry" filename="WeeklyPlanner.Core\Models\PlanEntry.cs" line-rate="1" branch-rate="1" complexity="9">
          <methods>
            <method name="get_Id" signature="()" line-rate="1" branch-rate="1" complexity="1">
              <lines>
                <line number="11" hits="12" branch="False" />
              </lines>
            </method>
            <method name="get_WeeklyPlanId" signature="()" line-rate="1" branch-rate="1" complexity="1">
              <lines>
                <line number="12" hits="5" branch="False" />
              </lines>
            </method>
            <method name="get_WeeklyPlan" signature="()" line-rate="1" branch-rate="1" complexity="1">
              <lines>
                <line number="13" hits="46" branch="False" />
              </lines>
            </method>
            <method name="get_BacklogItemId" signature="()" line-rate="1" branch-rate="1" complexity="1">
              <lines>
                <line number="14" hits="68" branch="False" />
              </lines>
            </method>
            <method name="get_BacklogItem" signature="()" line-rate="1" branch-rate="1" complexity="1">
              <lines>
                <line number="15" hits="30" branch="False" />
              </lines>
            </method>
            <method name="get_PlannedHours" signature="()" line-rate="1" branch-rate="1" complexity="1">
              <lines>
                <line number="16" hits="58" branch="False" />
              </lines>
            </method>
            <method name="get_ProgressPercent" signature="()" line-rate="1" branch-rate="1" complexity="1">
              <lines>
                <line number="17" hits="43" branch="False" />
              </lines>
            </method>
            <method name="get_ActualHours" signature="()" line-rate="1" branch-rate="1" complexity="1">
              <lines>
                <line number="18" hits="8" branch="False" />
              </lines>
            </method>
            <method name="get_LastUpdated" signature="()" line-rate="1" branch-rate="1" complexity="1">
              <lines>
                <line number="19" hits="4" branch="False" />
              </lines>
            </method>
          </methods>
          <lines>
            <line number="11" hits="12" branch="False" />
            <line number="12" hits="5" branch="False" />
            <line number="13" hits="46" branch="False" />
            <line number="14" hits="68" branch="False" />
            <line number="15" hits="30" branch="False" />
            <line number="16" hits="58" branch="False" />
            <line number="17" hits="43" branch="False" />
            <line number="18" hits="8" branch="False" />
            <line number="19" hits="4" branch="False" />
          </lines>
        </class>
        <class name="WeeklyPlanner.Core.Models.WeekCycle" filename="WeeklyPlanner.Core\Models\WeekCycle.cs" line-rate="1" branch-rate="1" complexity="9">
          <methods>
            <method name="get_Id" signature="()" line-rate="1" branch-rate="1" complexity="1">
              <lines>
                <line number="10" hits="29" branch="False" />
              </lines>
            </method>
            <method name="get_PlanningDate" signature="()" line-rate="1" branch-rate="1" complexity="1">
              <lines>
                <line number="11" hits="23" branch="False" />
              </lines>
            </method>
            <method name="get_WeekStartDate" signature="()" line-rate="1" branch-rate="1" complexity="1">
              <lines>
                <line number="12" hits="24" branch="False" />
              </lines>
            </method>
            <method name="get_WeekEndDate" signature="()" line-rate="1" branch-rate="1" complexity="1">
              <lines>
                <line number="13" hits="24" branch="False" />
              </lines>
            </method>
            <method name="get_Category1Percent" signature="()" line-rate="1" branch-rate="1" complexity="1">
              <lines>
                <line number="14" hits="26" branch="False" />
              </lines>
            </method>
            <method name="get_Category2Percent" signature="()" line-rate="1" branch-rate="1" complexity="1">
              <lines>
                <line number="15" hits="25" branch="False" />
              </lines>
            </method>
            <method name="get_Category3Percent" signature="()" line-rate="1" branch-rate="1" complexity="1">
              <lines>
                <line number="16" hits="25" branch="False" />
              </lines>
            </method>
            <method name="get_IsActive" signature="()" line-rate="1" branch-rate="1" complexity="1">
              <lines>
                <line number="17" hits="33" branch="False" />
              </lines>
            </method>
            <method name="get_WeeklyPlans" signature="()" line-rate="1" branch-rate="1" complexity="1">
              <lines>
                <line number="18" hits="27" branch="False" />
              </lines>
            </method>
          </methods>
          <lines>
            <line number="10" hits="29" branch="False" />
            <line number="11" hits="23" branch="False" />
            <line number="12" hits="24" branch="False" />
            <line number="13" hits="24" branch="False" />
            <line number="14" hits="26" branch="False" />
            <line number="15" hits="25" branch="False" />
            <line number="16" hits="25" branch="False" />
            <line number="17" hits="33" branch="False" />
            <line number="18" hits="27" branch="False" />
          </lines>
        </class>
        <class name="WeeklyPlanner.Core.Models.WeeklyPlan" filename="WeeklyPlanner.Core\Models\WeeklyPlan.cs" line-rate="1" branch-rate="1" complexity="8">
          <methods>
            <method name="get_Id" signature="()" line-rate="1" branch-rate="1" complexity="1">
              <lines>
                <line number="9" hits="13" branch="False" />
              </lines>
            </method>
            <method name="get_MemberId" signature="()" line-rate="1" branch-rate="1" complexity="1">
              <lines>
                <line number="10" hits="23" branch="False" />
              </lines>
            </method>
            <method name="get_Member" signature="()" line-rate="1" branch-rate="1" complexity="1">
              <lines>
                <line number="11" hits="29" branch="False" />
              </lines>
            </method>
            <method name="get_WeekCycleId" signature="()" line-rate="1" branch-rate="1" complexity="1">
              <lines>
                <line number="12" hits="24" branch="False" />
              </lines>
            </method>
            <method name="get_WeekCycle" signature="()" line-rate="1" branch-rate="1" complexity="1">
              <lines>
                <line number="13" hits="27" branch="False" />
              </lines>
            </method>
            <method name="get_IsFrozen" signature="()" line-rate="1" branch-rate="1" complexity="1">
              <lines>
                <line number="14" hits="53" branch="False" />
              </lines>
            </method>
            <method name="get_FrozenAt" signature="()" line-rate="1" branch-rate="1" complexity="1">
              <lines>
                <line number="15" hits="1" branch="False" />
              </lines>
            </method>
            <method name="get_PlanEntries" signature="()" line-rate="1" branch-rate="1" complexity="1">
              <lines>
                <line number="16" hits="34" branch="False" />
              </lines>
            </method>
          </methods>
          <lines>
            <line number="9" hits="13" branch="False" />
            <line number="10" hits="23" branch="False" />
            <line number="11" hits="29" branch="False" />
            <line number="12" hits="24" branch="False" />
            <line number="13" hits="27" branch="False" />
            <line number="14" hits="53" branch="False" />
            <line number="15" hits="1" branch="False" />
            <line number="16" hits="34" branch="False" />
          </lines>
        </class>
      </classes>
    </package>
    <package name="WeeklyPlanner.Infrastructure" line-rate="1" branch-rate="0.9782" complexity="73">
      <classes>
        <class name="WeeklyPlanner.Infrastructure.Services.BacklogService" filename="WeeklyPlanner.Infrastructure\Services\BacklogService.cs" line-rate="1" branch-rate="1" complexity="1">
          <methods>
            <method name=".ctor" signature="(WeeklyPlanner.Infrastructure.Data.AppDbContext)" line-rate="1" branch-rate="1" complexity="1">
              <lines>
                <line number="15" hits="12" branch="False" />
              </lines>
            </method>
          </methods>
          <lines>
            <line number="15" hits="12" branch="False" />
          </lines>
        </class>
        <class name="WeeklyPlanner.Infrastructure.Services.BacklogService/&lt;CreateAsync&gt;d__4" filename="WeeklyPlanner.Infrastructure\Services\BacklogService.cs" line-rate="1" branch-rate="1" complexity="1">
          <methods>
            <method name="MoveNext" signature="()" line-rate="1" branch-rate="1" complexity="1">
              <lines>
                <line number="24" hits="1" branch="False" />
                <line number="25" hits="1" branch="False" />
                <line number="26" hits="1" branch="False" />
                <line number="27" hits="1" branch="False" />
                <line number="28" hits="1" branch="False" />
              </lines>
            </method>
          </methods>
          <lines>
            <line number="24" hits="1" branch="False" />
            <line number="25" hits="1" branch="False" />
            <line number="26" hits="1" branch="False" />
            <line number="27" hits="1" branch="False" />
            <line number="28" hits="1" branch="False" />
          </lines>
        </class>
        <class name="WeeklyPlanner.Infrastructure.Services.BacklogService/&lt;DeleteAsync&gt;d__6" filename="WeeklyPlanner.Infrastructure\Services\BacklogService.cs" line-rate="1" branch-rate="1" complexity="2">
          <methods>
            <method name="MoveNext" signature="()" line-rate="1" branch-rate="1" complexity="2">
              <lines>
                <line number="42" hits="2" branch="False" />
                <line number="43" hits="2" branch="False" />
                <line number="44" hits="3" branch="True" condition-coverage="100% (2/2)">
                  <conditions>
                    <condition number="197" type="jump" coverage="100%" />
                  </conditions>
                </line>
                <line number="45" hits="1" branch="False" />
                <line number="46" hits="1" branch="False" />
                <line number="47" hits="2" branch="False" />
              </lines>
            </method>
          </methods>
          <lines>
            <line number="42" hits="2" branch="False" />
            <line number="43" hits="2" branch="False" />
            <line number="44" hits="3" branch="True" condition-coverage="100% (2/2)">
              <conditions>
                <condition number="197" type="jump" coverage="100%" />
              </conditions>
            </line>
            <line number="45" hits="1" branch="False" />
            <line number="46" hits="1" branch="False" />
            <line number="47" hits="2" branch="False" />
          </lines>
        </class>
        <class name="WeeklyPlanner.Infrastructure.Services.BacklogService/&lt;GetAllAsync&gt;d__2" filename="WeeklyPlanner.Infrastructure\Services\BacklogService.cs" line-rate="1" branch-rate="1" complexity="1">
          <methods>
            <method name="MoveNext" signature="()" line-rate="1" branch-rate="1" complexity="1">
              <lines>
                <line number="18" hits="1" branch="False" />
              </lines>
            </method>
          </methods>
          <lines>
            <line number="18" hits="1" branch="False" />
          </lines>
        </class>
        <class name="WeeklyPlanner.Infrastructure.Services.BacklogService/&lt;GetByIdAsync&gt;d__3" filename="WeeklyPlanner.Infrastructure\Services\BacklogService.cs" line-rate="1" branch-rate="1" complexity="1">
          <methods>
            <method name="MoveNext" signature="()" line-rate="1" branch-rate="1" complexity="1">
              <lines>
                <line number="21" hits="1" branch="False" />
              </lines>
            </method>
          </methods>
          <lines>
            <line number="21" hits="1" branch="False" />
          </lines>
        </class>
        <class name="WeeklyPlanner.Infrastructure.Services.BacklogService/&lt;UpdateAsync&gt;d__5" filename="WeeklyPlanner.Infrastructure\Services\BacklogService.cs" line-rate="1" branch-rate="1" complexity="1">
          <methods>
            <method name="MoveNext" signature="()" line-rate="1" branch-rate="1" complexity="1">
              <lines>
                <line number="31" hits="1" branch="False" />
                <line number="32" hits="1" branch="False" />
                <line number="33" hits="1" branch="False" />
                <line number="34" hits="1" branch="False" />
                <line number="35" hits="1" branch="False" />
              </lines>
            </method>
          </methods>
          <lines>
            <line number="31" hits="1" branch="False" />
            <line number="32" hits="1" branch="False" />
            <line number="33" hits="1" branch="False" />
            <line number="34" hits="1" branch="False" />
            <line number="35" hits="1" branch="False" />
          </lines>
        </class>
        <class name="WeeklyPlanner.Infrastructure.Services.PlanService" filename="WeeklyPlanner.Infrastructure\Services\PlanService.cs" line-rate="1" branch-rate="1" complexity="1">
          <methods>
            <method name=".ctor" signature="(WeeklyPlanner.Infrastructure.Data.AppDbContext)" line-rate="1" branch-rate="1" complexity="1">
              <lines>
                <line number="19" hits="54" branch="False" />
              </lines>
            </method>
          </methods>
          <lines>
            <line number="19" hits="54" branch="False" />
          </lines>
        </class>
        <class name="WeeklyPlanner.Infrastructure.Services.PlanService/&lt;&gt;c" filename="WeeklyPlanner.Infrastructure\Services\PlanService.cs" line-rate="1" branch-rate="1" complexity="8">
          <methods>
            <method name="&lt;SubmitPlanAsync&gt;b__3_10" signature="(WeeklyPlanner.Core.Models.PlanEntry)" line-rate="1" branch-rate="1" complexity="1">
              <lines>
                <line number="40" hits="20" branch="False" />
              </lines>
            </method>
            <method name="&lt;SubmitPlanAsync&gt;b__3_0" signature="(WeeklyPlanner.Core.Models.PlanEntry)" line-rate="1" branch-rate="1" complexity="1">
              <lines>
                <line number="44" hits="28" branch="False" />
              </lines>
            </method>
            <method name="&lt;SubmitPlanAsync&gt;b__3_2" signature="(WeeklyPlanner.Core.Models.PlanEntry)" line-rate="1" branch-rate="1" complexity="1">
              <lines>
                <line number="49" hits="15" branch="False" />
              </lines>
            </method>
            <method name="&lt;SubmitPlanAsync&gt;b__3_3" signature="(WeeklyPlanner.Core.Models.PlanEntry)" line-rate="1" branch-rate="1" complexity="1">
              <lines>
                <line number="57" hits="12" branch="False" />
              </lines>
            </method>
            <method name="&lt;SubmitPlanAsync&gt;b__3_12" signature="(WeeklyPlanner.Core.Models.BacklogItem)" line-rate="1" branch-rate="1" complexity="1">
              <lines>
                <line number="60" hits="19" branch="False" />
              </lines>
            </method>
            <method name="&lt;SubmitPlanAsync&gt;b__3_5" signature="(WeeklyPlanner.Core.Models.PlanEntry)" line-rate="1" branch-rate="1" complexity="1">
              <lines>
                <line number="66" hits="15" branch="False" />
              </lines>
            </method>
            <method name="&lt;SubmitPlanAsync&gt;b__3_7" signature="(WeeklyPlanner.Core.Models.PlanEntry)" line-rate="1" branch-rate="1" complexity="1">
              <lines>
                <line number="67" hits="14" branch="False" />
              </lines>
            </method>
            <method name="&lt;SubmitPlanAsync&gt;b__3_9" signature="(WeeklyPlanner.Core.Models.PlanEntry)" line-rate="1" branch-rate="1" complexity="1">
              <lines>
                <line number="68" hits="14" branch="False" />
              </lines>
            </method>
          </methods>
          <lines>
            <line number="40" hits="20" branch="False" />
            <line number="44" hits="28" branch="False" />
            <line number="49" hits="15" branch="False" />
            <line number="57" hits="12" branch="False" />
            <line number="60" hits="19" branch="False" />
            <line number="66" hits="15" branch="False" />
            <line number="67" hits="14" branch="False" />
            <line number="68" hits="14" branch="False" />
          </lines>
        </class>
        <class name="WeeklyPlanner.Infrastructure.Services.PlanService/&lt;DeletePlanAsync&gt;d__5" filename="WeeklyPlanner.Infrastructure\Services\PlanService.cs" line-rate="1" branch-rate="1" complexity="2">
          <methods>
            <method name="MoveNext" signature="()" line-rate="1" branch-rate="1" complexity="2">
              <lines>
                <line number="139" hits="3" branch="False" />
                <line number="140" hits="3" branch="False" />
                <line number="141" hits="3" branch="False" />
                <line number="142" hits="3" branch="False" />
                <line number="144" hits="4" branch="True" condition-coverage="100% (2/2)">
                  <conditions>
                    <condition number="460" type="jump" coverage="100%" />
                  </conditions>
                </line>
                <line number="146" hits="2" branch="False" />
                <line number="147" hits="2" branch="False" />
                <line number="148" hits="2" branch="False" />
                <line number="149" hits="2" branch="False" />
                <line number="150" hits="3" branch="False" />
              </lines>
            </method>
          </methods>
          <lines>
            <line number="139" hits="3" branch="False" />
            <line number="140" hits="3" branch="False" />
            <line number="141" hits="3" branch="False" />
            <line number="142" hits="3" branch="False" />
            <line number="144" hits="4" branch="True" condition-coverage="100% (2/2)">
              <conditions>
                <condition number="460" type="jump" coverage="100%" />
              </conditions>
            </line>
            <line number="146" hits="2" branch="False" />
            <line number="147" hits="2" branch="False" />
            <line number="148" hits="2" branch="False" />
            <line number="149" hits="2" branch="False" />
            <line number="150" hits="3" branch="False" />
          </lines>
        </class>
        <class name="WeeklyPlanner.Infrastructure.Services.PlanService/&lt;GetAllPlansForWeekAsync&gt;d__6" filename="WeeklyPlanner.Infrastructure\Services\PlanService.cs" line-rate="1" branch-rate="1" complexity="1">
          <methods>
            <method name="MoveNext" signature="()" line-rate="1" branch-rate="1" complexity="1">
              <lines>
                <line number="153" hits="3" branch="False" />
                <line number="154" hits="3" branch="False" />
                <line number="155" hits="3" branch="False" />
                <line number="156" hits="3" branch="False" />
                <line number="157" hits="3" branch="False" />
              </lines>
            </method>
          </methods>
          <lines>
            <line number="153" hits="3" branch="False" />
            <line number="154" hits="3" branch="False" />
            <line number="155" hits="3" branch="False" />
            <line number="156" hits="3" branch="False" />
            <line number="157" hits="3" branch="False" />
          </lines>
        </class>
        <class name="WeeklyPlanner.Infrastructure.Services.PlanService/&lt;GetPlanAsync&gt;d__2" filename="WeeklyPlanner.Infrastructure\Services\PlanService.cs" line-rate="1" branch-rate="1" complexity="1">
          <methods>
            <method name="MoveNext" signature="()" line-rate="1" branch-rate="1" complexity="1">
              <lines>
                <line number="22" hits="3" branch="False" />
                <line number="23" hits="3" branch="False" />
                <line number="24" hits="3" branch="False" />
                <line number="25" hits="3" branch="False" />
              </lines>
            </method>
          </methods>
          <lines>
            <line number="22" hits="3" branch="False" />
            <line number="23" hits="3" branch="False" />
            <line number="24" hits="3" branch="False" />
            <line number="25" hits="3" branch="False" />
          </lines>
        </class>
        <class name="WeeklyPlanner.Infrastructure.Services.PlanService/&lt;SubmitPlanAsync&gt;d__3" filename="WeeklyPlanner.Infrastructure\Services\PlanService.cs" line-rate="1" branch-rate="0.95" complexity="20">
          <methods>
            <method name="MoveNext" signature="()" line-rate="1" branch-rate="0.95" complexity="20">
              <lines>
                <line number="32" hits="9" branch="False" />
                <line number="36" hits="9" branch="True" condition-coverage="100% (2/2)">
                  <conditions>
                    <condition number="131" type="jump" coverage="100%" />
                  </conditions>
                </line>
                <line number="37" hits="1" branch="False" />
                <line number="41" hits="1" branch="False" />
                <line number="45" hits="7" branch="True" condition-coverage="100% (2/2)">
                  <conditions>
                    <condition number="295" type="jump" coverage="100%" />
                  </conditions>
                </line>
                <line number="46" hits="1" branch="False" />
                <line number="50" hits="6" branch="True" condition-coverage="100% (2/2)">
                  <conditions>
                    <condition number="378" type="jump" coverage="100%" />
                  </conditions>
                </line>
                <line number="51" hits="1" branch="False" />
                <line number="54" hits="5" branch="True" condition-coverage="50% (1/2)">
                  <conditions>
                    <condition number="600" type="jump" coverage="50%" />
                  </conditions>
                </line>
                <line number="55" hits="5" branch="False" />
                <line number="58" hits="5" branch="False" />
                <line number="59" hits="5" branch="False" />
                <line number="62" hits="5" branch="False" />
                <line number="63" hits="5" branch="False" />
                <line number="64" hits="5" branch="False" />
                <line number="70" hits="5" branch="True" condition-coverage="100% (2/2)">
                  <conditions>
                    <condition number="1464" type="jump" coverage="100%" />
                  </conditions>
                </line>
                <line number="71" hits="1" branch="False" />
                <line number="72" hits="4" branch="True" condition-coverage="100% (2/2)">
                  <conditions>
                    <condition number="1609" type="jump" coverage="100%" />
                  </conditions>
                </line>
                <line number="73" hits="1" branch="False" />
                <line number="74" hits="3" branch="True" condition-coverage="100% (2/2)">
                  <conditions>
                    <condition number="1754" type="jump" coverage="100%" />
                  </conditions>
                </line>
                <line number="75" hits="1" branch="False" />
                <line number="78" hits="2" branch="False" />
                <line number="79" hits="2" branch="False" />
                <line number="80" hits="2" branch="True" condition-coverage="100% (2/2)">
                  <conditions>
                    <condition number="2209" type="jump" coverage="100%" />
                  </conditions>
                </line>
                <line number="81" hits="1" branch="False" />
                <line number="85" hits="1" branch="False" />
                <line number="86" hits="1" branch="False" />
                <line number="87" hits="1" branch="False" />
                <line number="88" hits="1" branch="False" />
                <line number="89" hits="1" branch="False" />
                <line number="90" hits="1" branch="False" />
                <line number="91" hits="1" branch="False" />
                <line number="93" hits="1" branch="False" />
                <line number="94" hits="1" branch="False" />
                <line number="97" hits="9" branch="True" condition-coverage="100% (2/2)">
                  <conditions>
                    <condition number="2565" type="jump" coverage="100%" />
                  </conditions>
                </line>
                <line number="98" hits="3" branch="False" />
                <line number="99" hits="3" branch="False" />
                <line number="100" hits="3" branch="False" />
                <line number="101" hits="3" branch="False" />
                <line number="102" hits="1" branch="False" />
                <line number="105" hits="1" branch="False" />
                <line number="106" hits="1" branch="False" />
                <line number="107" hits="1" branch="False" />
                <line number="108" hits="1" branch="False" />
                <line number="109" hits="1" branch="False" />
              </lines>
            </method>
          </methods>
          <lines>
            <line number="32" hits="9" branch="False" />
            <line number="36" hits="9" branch="True" condition-coverage="100% (2/2)">
              <conditions>
                <condition number="131" type="jump" coverage="100%" />
              </conditions>
            </line>
            <line number="37" hits="1" branch="False" />
            <line number="41" hits="1" branch="False" />
            <line number="45" hits="7" branch="True" condition-coverage="100% (2/2)">
              <conditions>
                <condition number="295" type="jump" coverage="100%" />
              </conditions>
            </line>
            <line number="46" hits="1" branch="False" />
            <line number="50" hits="6" branch="True" condition-coverage="100% (2/2)">
              <conditions>
                <condition number="378" type="jump" coverage="100%" />
              </conditions>
            </line>
            <line number="51" hits="1" branch="False" />
            <line number="54" hits="5" branch="True" condition-coverage="50% (1/2)">
              <conditions>
                <condition number="600" type="jump" coverage="50%" />
              </conditions>
            </line>
            <line number="55" hits="5" branch="False" />
            <line number="58" hits="5" branch="False" />
            <line number="59" hits="5" branch="False" />
            <line number="62" hits="5" branch="False" />
            <line number="63" hits="5" branch="False" />
            <line number="64" hits="5" branch="False" />
            <line number="70" hits="5" branch="True" condition-coverage="100% (2/2)">
              <conditions>
                <condition number="1464" type="jump" coverage="100%" />
              </conditions>
            </line>
            <line number="71" hits="1" branch="False" />
            <line number="72" hits="4" branch="True" condition-coverage="100% (2/2)">
              <conditions>
                <condition number="1609" type="jump" coverage="100%" />
              </conditions>
            </line>
            <line number="73" hits="1" branch="False" />
            <line number="74" hits="3" branch="True" condition-coverage="100% (2/2)">
              <conditions>
                <condition number="1754" type="jump" coverage="100%" />
              </conditions>
            </line>
            <line number="75" hits="1" branch="False" />
            <line number="78" hits="2" branch="False" />
            <line number="79" hits="2" branch="False" />
            <line number="80" hits="2" branch="True" condition-coverage="100% (2/2)">
              <conditions>
                <condition number="2209" type="jump" coverage="100%" />
              </conditions>
            </line>
            <line number="81" hits="1" branch="False" />
            <line number="85" hits="1" branch="False" />
            <line number="86" hits="1" branch="False" />
            <line number="87" hits="1" branch="False" />
            <line number="88" hits="1" branch="False" />
            <line number="89" hits="1" branch="False" />
            <line number="90" hits="1" branch="False" />
            <line number="91" hits="1" branch="False" />
            <line number="93" hits="1" branch="False" />
            <line number="94" hits="1" branch="False" />
            <line number="97" hits="9" branch="True" condition-coverage="100% (2/2)">
              <conditions>
                <condition number="2565" type="jump" coverage="100%" />
              </conditions>
            </line>
            <line number="98" hits="3" branch="False" />
            <line number="99" hits="3" branch="False" />
            <line number="100" hits="3" branch="False" />
            <line number="101" hits="3" branch="False" />
            <line number="102" hits="1" branch="False" />
            <line number="105" hits="1" branch="False" />
            <line number="106" hits="1" branch="False" />
            <line number="107" hits="1" branch="False" />
            <line number="108" hits="1" branch="False" />
            <line number="109" hits="1" branch="False" />
          </lines>
        </class>
        <class name="WeeklyPlanner.Infrastructure.Services.PlanService/&lt;UpdateProgressAsync&gt;d__4" filename="WeeklyPlanner.Infrastructure\Services\PlanService.cs" line-rate="1" branch-rate="1" complexity="12">
          <methods>
            <method name="MoveNext" signature="()" line-rate="1" branch-rate="1" complexity="12">
              <lines>
                <line number="116" hits="9" branch="False" />
                <line number="117" hits="9" branch="True" condition-coverage="100% (2/2)">
                  <conditions>
                    <condition number="75" type="jump" coverage="100%" />
                  </conditions>
                </line>
                <line number="118" hits="1" branch="False" />
                <line number="119" hits="8" branch="True" condition-coverage="100% (2/2)">
                  <conditions>
                    <condition number="108" type="jump" coverage="100%" />
                  </conditions>
                </line>
                <line number="120" hits="1" branch="False" />
                <line number="121" hits="7" branch="True" condition-coverage="100% (4/4)">
                  <conditions>
                    <condition number="132" type="jump" coverage="100%" />
                    <condition number="160" type="jump" coverage="100%" />
                  </conditions>
                </line>
                <line number="122" hits="1" branch="False" />
                <line number="124" hits="6" branch="True" condition-coverage="100% (2/2)">
                  <conditions>
                    <condition number="477" type="jump" coverage="100%" />
                  </conditions>
                </line>
                <line number="125" hits="6" branch="False" />
                <line number="126" hits="6" branch="False" />
                <line number="127" hits="6" branch="False" />
                <line number="129" hits="5" branch="True" condition-coverage="100% (2/2)">
                  <conditions>
                    <condition number="583" type="jump" coverage="100%" />
                  </conditions>
                </line>
                <line number="130" hits="1" branch="False" />
                <line number="132" hits="4" branch="False" />
                <line number="133" hits="4" branch="False" />
                <line number="134" hits="4" branch="False" />
                <line number="135" hits="4" branch="False" />
                <line number="136" hits="4" branch="False" />
              </lines>
            </method>
          </methods>
          <lines>
            <line number="116" hits="9" branch="False" />
            <line number="117" hits="9" branch="True" condition-coverage="100% (2/2)">
              <conditions>
                <condition number="75" type="jump" coverage="100%" />
              </conditions>
            </line>
            <line number="118" hits="1" branch="False" />
            <line number="119" hits="8" branch="True" condition-coverage="100% (2/2)">
              <conditions>
                <condition number="108" type="jump" coverage="100%" />
              </conditions>
            </line>
            <line number="120" hits="1" branch="False" />
            <line number="121" hits="7" branch="True" condition-coverage="100% (4/4)">
              <conditions>
                <condition number="132" type="jump" coverage="100%" />
                <condition number="160" type="jump" coverage="100%" />
              </conditions>
            </line>
            <line number="122" hits="1" branch="False" />
            <line number="124" hits="6" branch="True" condition-coverage="100% (2/2)">
              <conditions>
                <condition number="477" type="jump" coverage="100%" />
              </conditions>
            </line>
            <line number="125" hits="6" branch="False" />
            <line number="126" hits="6" branch="False" />
            <line number="127" hits="6" branch="False" />
            <line number="129" hits="5" branch="True" condition-coverage="100% (2/2)">
              <conditions>
                <condition number="583" type="jump" coverage="100%" />
              </conditions>
            </line>
            <line number="130" hits="1" branch="False" />
            <line number="132" hits="4" branch="False" />
            <line number="133" hits="4" branch="False" />
            <line number="134" hits="4" branch="False" />
            <line number="135" hits="4" branch="False" />
            <line number="136" hits="4" branch="False" />
          </lines>
        </class>
        <class name="WeeklyPlanner.Infrastructure.Services.WeekCycleService" filename="WeeklyPlanner.Infrastructure\Services\WeekCycleService.cs" line-rate="1" branch-rate="1" complexity="1">
          <methods>
            <method name=".ctor" signature="(WeeklyPlanner.Infrastructure.Data.AppDbContext)" line-rate="1" branch-rate="1" complexity="1">
              <lines>
                <line number="14" hits="34" branch="False" />
              </lines>
            </method>
          </methods>
          <lines>
            <line number="14" hits="34" branch="False" />
          </lines>
        </class>
        <class name="WeeklyPlanner.Infrastructure.Services.WeekCycleService/&lt;CreateAsync&gt;d__4" filename="WeeklyPlanner.Infrastructure\Services\WeekCycleService.cs" line-rate="1" branch-rate="1" complexity="1">
          <methods>
            <method name="MoveNext" signature="()" line-rate="1" branch-rate="1" complexity="1">
              <lines>
                <line number="26" hits="2" branch="False" />
                <line number="27" hits="2" branch="False" />
                <line number="28" hits="2" branch="False" />
                <line number="29" hits="2" branch="False" />
                <line number="30" hits="2" branch="False" />
              </lines>
            </method>
          </methods>
          <lines>
            <line number="26" hits="2" branch="False" />
            <line number="27" hits="2" branch="False" />
            <line number="28" hits="2" branch="False" />
            <line number="29" hits="2" branch="False" />
            <line number="30" hits="2" branch="False" />
          </lines>
        </class>
        <class name="WeeklyPlanner.Infrastructure.Services.WeekCycleService/&lt;GetAllAsync&gt;d__3" filename="WeeklyPlanner.Infrastructure\Services\WeekCycleService.cs" line-rate="1" branch-rate="1" complexity="1">
          <methods>
            <method name="MoveNext" signature="()" line-rate="1" branch-rate="1" complexity="1">
              <lines>
                <line number="23" hits="2" branch="False" />
              </lines>
            </method>
          </methods>
          <lines>
            <line number="23" hits="2" branch="False" />
          </lines>
        </class>
        <class name="WeeklyPlanner.Infrastructure.Services.WeekCycleService/&lt;GetCurrentAsync&gt;d__2" filename="WeeklyPlanner.Infrastructure\Services\WeekCycleService.cs" line-rate="1" branch-rate="1" complexity="1">
          <methods>
            <method name="MoveNext" signature="()" line-rate="1" branch-rate="1" complexity="1">
              <lines>
                <line number="17" hits="4" branch="False" />
                <line number="18" hits="4" branch="False" />
                <line number="19" hits="4" branch="False" />
                <line number="20" hits="4" branch="False" />
              </lines>
            </method>
          </methods>
          <lines>
            <line number="17" hits="4" branch="False" />
            <line number="18" hits="4" branch="False" />
            <line number="19" hits="4" branch="False" />
            <line number="20" hits="4" branch="False" />
          </lines>
        </class>
        <class name="WeeklyPlanner.Infrastructure.Services.WeekCycleService/&lt;SetPercentagesAsync&gt;d__5" filename="WeeklyPlanner.Infrastructure\Services\WeekCycleService.cs" line-rate="1" branch-rate="1" complexity="10">
          <methods>
            <method name="MoveNext" signature="()" line-rate="1" branch-rate="1" complexity="10">
              <lines>
                <line number="37" hits="9" branch="False" />
                <line number="38" hits="9" branch="True" condition-coverage="100% (6/6)">
                  <conditions>
                    <condition number="45" type="jump" coverage="100%" />
                    <condition number="63" type="jump" coverage="100%" />
                    <condition number="86" type="jump" coverage="100%" />
                  </conditions>
                </line>
                <line number="39" hits="3" branch="False" />
                <line number="41" hits="6" branch="True" condition-coverage="100% (2/2)">
                  <conditions>
                    <condition number="141" type="jump" coverage="100%" />
                  </conditions>
                </line>
                <line number="42" hits="2" branch="False" />
                <line number="44" hits="4" branch="True" condition-coverage="100% (2/2)">
                  <conditions>
                    <condition number="303" type="jump" coverage="100%" />
                  </conditions>
                </line>
                <line number="45" hits="4" branch="False" />
                <line number="47" hits="3" branch="False" />
                <line number="48" hits="3" branch="False" />
                <line number="49" hits="3" branch="False" />
                <line number="50" hits="3" branch="False" />
                <line number="51" hits="3" branch="False" />
              </lines>
            </method>
          </methods>
          <lines>
            <line number="37" hits="9" branch="False" />
            <line number="38" hits="9" branch="True" condition-coverage="100% (6/6)">
              <conditions>
                <condition number="45" type="jump" coverage="100%" />
                <condition number="63" type="jump" coverage="100%" />
                <condition number="86" type="jump" coverage="100%" />
              </conditions>
            </line>
            <line number="39" hits="3" branch="False" />
            <line number="41" hits="6" branch="True" condition-coverage="100% (2/2)">
              <conditions>
                <condition number="141" type="jump" coverage="100%" />
              </conditions>
            </line>
            <line number="42" hits="2" branch="False" />
            <line number="44" hits="4" branch="True" condition-coverage="100% (2/2)">
              <conditions>
                <condition number="303" type="jump" coverage="100%" />
              </conditions>
            </line>
            <line number="45" hits="4" branch="False" />
            <line number="47" hits="3" branch="False" />
            <line number="48" hits="3" branch="False" />
            <line number="49" hits="3" branch="False" />
            <line number="50" hits="3" branch="False" />
            <line number="51" hits="3" branch="False" />
          </lines>
        </class>
        <class name="WeeklyPlanner.Infrastructure.Data.AppDbContext" filename="WeeklyPlanner.Infrastructure\Data\AppDbContext.cs" line-rate="1" branch-rate="1" complexity="7">
          <methods>
            <method name="get_Members" signature="()" line-rate="1" branch-rate="1" complexity="1">
              <lines>
                <line number="15" hits="18" branch="False" />
              </lines>
            </method>
            <method name="get_BacklogItems" signature="()" line-rate="1" branch-rate="1" complexity="1">
              <lines>
                <line number="16" hits="25" branch="False" />
              </lines>
            </method>
            <method name="get_WeekCycles" signature="()" line-rate="1" branch-rate="1" complexity="1">
              <lines>
                <line number="17" hits="38" branch="False" />
              </lines>
            </method>
            <method name="get_WeeklyPlans" signature="()" line-rate="1" branch-rate="1" complexity="1">
              <lines>
                <line number="18" hits="30" branch="False" />
              </lines>
            </method>
            <method name="get_PlanEntries" signature="()" line-rate="1" branch-rate="1" complexity="1">
              <lines>
                <line number="19" hits="33" branch="False" />
              </lines>
            </method>
            <method name="OnModelCreating" signature="(Microsoft.EntityFrameworkCore.ModelBuilder)" line-rate="1" branch-rate="1" complexity="1">
              <lines>
                <line number="22" hits="1" branch="False" />
                <line number="28" hits="1" branch="False" />
                <line number="29" hits="1" branch="False" />
                <line number="30" hits="1" branch="False" />
                <line number="32" hits="1" branch="False" />
                <line number="33" hits="1" branch="False" />
                <line number="34" hits="1" branch="False" />
                <line number="36" hits="1" branch="False" />
                <line number="37" hits="1" branch="False" />
                <line number="38" hits="1" branch="False" />
                <line number="40" hits="1" branch="False" />
                <line number="41" hits="1" branch="False" />
                <line number="42" hits="1" branch="False" />
                <line number="44" hits="1" branch="False" />
                <line number="45" hits="1" branch="False" />
                <line number="46" hits="1" branch="False" />
                <line number="48" hits="1" branch="False" />
                <line number="49" hits="1" branch="False" />
                <line number="50" hits="1" branch="False" />
                <line number="54" hits="1" branch="False" />
                <line number="55" hits="1" branch="False" />
                <line number="56" hits="1" branch="False" />
                <line number="57" hits="1" branch="False" />
                <line number="58" hits="1" branch="False" />
                <line number="64" hits="1" branch="False" />
                <line number="65" hits="1" branch="False" />
                <line number="66" hits="1" branch="False" />
                <line number="67" hits="1" branch="False" />
                <line number="68" hits="1" branch="False" />
                <line number="69" hits="1" branch="False" />
                <line number="70" hits="1" branch="False" />
                <line number="71" hits="1" branch="False" />
                <line number="72" hits="1" branch="False" />
                <line number="73" hits="1" branch="False" />
                <line number="74" hits="1" branch="False" />
                <line number="75" hits="1" branch="False" />
                <line number="76" hits="1" branch="False" />
                <line number="77" hits="1" branch="False" />
                <line number="78" hits="1" branch="False" />
                <line number="79" hits="1" branch="False" />
                <line number="80" hits="1" branch="False" />
                <line number="81" hits="1" branch="False" />
                <line number="82" hits="1" branch="False" />
                <line number="83" hits="1" branch="False" />
                <line number="84" hits="1" branch="False" />
                <line number="85" hits="1" branch="False" />
                <line number="86" hits="1" branch="False" />
                <line number="87" hits="1" branch="False" />
                <line number="88" hits="1" branch="False" />
                <line number="89" hits="1" branch="False" />
                <line number="90" hits="1" branch="False" />
                <line number="91" hits="1" branch="False" />
                <line number="92" hits="1" branch="False" />
                <line number="93" hits="1" branch="False" />
                <line number="94" hits="1" branch="False" />
                <line number="95" hits="1" branch="False" />
                <line number="96" hits="1" branch="False" />
              </lines>
            </method>
            <method name=".ctor" signature="(Microsoft.EntityFrameworkCore.DbContextOptions`1&lt;WeeklyPlanner.Infrastructure.Data.AppDbContext&gt;)" line-rate="1" branch-rate="1" complexity="1">
              <lines>
                <line number="12" hits="204" branch="False" />
              </lines>
            </method>
          </methods>
          <lines>
            <line number="15" hits="18" branch="False" />
            <line number="16" hits="25" branch="False" />
            <line number="17" hits="38" branch="False" />
            <line number="18" hits="30" branch="False" />
            <line number="19" hits="33" branch="False" />
            <line number="22" hits="1" branch="False" />
            <line number="28" hits="1" branch="False" />
            <line number="29" hits="1" branch="False" />
            <line number="30" hits="1" branch="False" />
            <line number="32" hits="1" branch="False" />
            <line number="33" hits="1" branch="False" />
            <line number="34" hits="1" branch="False" />
            <line number="36" hits="1" branch="False" />
            <line number="37" hits="1" branch="False" />
            <line number="38" hits="1" branch="False" />
            <line number="40" hits="1" branch="False" />
            <line number="41" hits="1" branch="False" />
            <line number="42" hits="1" branch="False" />
            <line number="44" hits="1" branch="False" />
            <line number="45" hits="1" branch="False" />
            <line number="46" hits="1" branch="False" />
            <line number="48" hits="1" branch="False" />
            <line number="49" hits="1" branch="False" />
            <line number="50" hits="1" branch="False" />
            <line number="54" hits="1" branch="False" />
            <line number="55" hits="1" branch="False" />
            <line number="56" hits="1" branch="False" />
            <line number="57" hits="1" branch="False" />
            <line number="58" hits="1" branch="False" />
            <line number="64" hits="1" branch="False" />
            <line number="65" hits="1" branch="False" />
            <line number="66" hits="1" branch="False" />
            <line number="67" hits="1" branch="False" />
            <line number="68" hits="1" branch="False" />
            <line number="69" hits="1" branch="False" />
            <line number="70" hits="1" branch="False" />
            <line number="71" hits="1" branch="False" />
            <line number="72" hits="1" branch="False" />
            <line number="73" hits="1" branch="False" />
            <line number="74" hits="1" branch="False" />
            <line number="75" hits="1" branch="False" />
            <line number="76" hits="1" branch="False" />
            <line number="77" hits="1" branch="False" />
            <line number="78" hits="1" branch="False" />
            <line number="79" hits="1" branch="False" />
            <line number="80" hits="1" branch="False" />
            <line number="81" hits="1" branch="False" />
            <line number="82" hits="1" branch="False" />
            <line number="83" hits="1" branch="False" />
            <line number="84" hits="1" branch="False" />
            <line number="85" hits="1" branch="False" />
            <line number="86" hits="1" branch="False" />
            <line number="87" hits="1" branch="False" />
            <line number="88" hits="1" branch="False" />
            <line number="89" hits="1" branch="False" />
            <line number="90" hits="1" branch="False" />
            <line number="91" hits="1" branch="False" />
            <line number="92" hits="1" branch="False" />
            <line number="93" hits="1" branch="False" />
            <line number="94" hits="1" branch="False" />
            <line number="95" hits="1" branch="False" />
            <line number="96" hits="1" branch="False" />
            <line number="12" hits="204" branch="False" />
          </lines>
        </class>
      </classes>
    </package>
  </packages>
</coverage>